INFO - AMD PSTATE in active mode
INFO - Governor already in desired state: powersave
INFO - Running as root
ERROR - Invalid argument: {commands.gpu}
ERROR - Exception while handling org.cpupm.Daemon.control()
Traceback (most recent call last):
  File "/usr/lib/python3.11/site-packages/pydbus/registration.py", line 81, in call_method
    result = method(*parameters, **kwargs)
             ^^^^^^^^^^^^^^^^^^^^^^^^^^^^^
  File "/home/athulkrishnakr/Documents/Projects/amd-cpu-pm/cpud", line 42, in control
    self.ret[index] = function(args[index])
    ~~~~~~~~^^^^^^^
IndexError: list assignment index out of range
INFO - AMD PSTATE in active mode
INFO - Governor already in desired state: powersave
INFO - Running as root
INFO - ['{commands.cpu}', '{commands.gpu}', '{commands.platform}']
ERROR - Invalid argument: {commands.gpu}
ERROR - Exception while handling org.cpupm.Daemon.control()
Traceback (most recent call last):
  File "/usr/lib/python3.11/site-packages/pydbus/registration.py", line 81, in call_method
    result = method(*parameters, **kwargs)
             ^^^^^^^^^^^^^^^^^^^^^^^^^^^^^
  File "/home/athulkrishnakr/Documents/Projects/amd-cpu-pm/cpud", line 43, in control
    self.ret[index] = function(args[index])
    ~~~~~~~~^^^^^^^
IndexError: list assignment index out of range
INFO - AMD PSTATE in active mode
INFO - Governor already in desired state: powersave
INFO - Running as root
INFO - ['power', 'None', 'None']
INFO - ['power', 'None', 'None']
INFO - ['balance_power', 'None', 'None']
INFO - AMD PSTATE in active mode
INFO - Governor already in desired state: powersave
INFO - Running as root
INFO - ['balance_power', 'None', 'None']
INFO - EPP set to: balance_power
INFO - ['balance_power', 'low', 'None']
INFO - EPP set to: balance_power
INFO - GPU profile set to: low
ERROR - Exception while handling org.cpupm.Daemon.control()
Traceback (most recent call last):
  File "/usr/lib/python3.11/site-packages/pydbus/registration.py", line 81, in call_method
    result = method(*parameters, **kwargs)
             ^^^^^^^^^^^^^^^^^^^^^^^^^^^^^
  File "/home/athulkrishnakr/Documents/Projects/amd-cpu-pm/cpud", line 43, in control
    self.ret[index] = function(args[index])
    ~~~~~~~~^^^^^^^
IndexError: list assignment index out of range
INFO - ['power', 'None', 'None']
INFO - EPP set to: power
INFO - ['power', 'low', 'None']
INFO - EPP set to: power
INFO - GPU profile set to: low
ERROR - Exception while handling org.cpupm.Daemon.control()
Traceback (most recent call last):
  File "/usr/lib/python3.11/site-packages/pydbus/registration.py", line 81, in call_method
    result = method(*parameters, **kwargs)
             ^^^^^^^^^^^^^^^^^^^^^^^^^^^^^
  File "/home/athulkrishnakr/Documents/Projects/amd-cpu-pm/cpud", line 43, in control
    self.ret[index] = function(args[index])
    ~~~~~~~~^^^^^^^
IndexError: list assignment index out of range
INFO - ['power', 'low', 'power-saver']
INFO - EPP set to: power
INFO - GPU profile set to: low
ERROR - Exception while handling org.cpupm.Daemon.control()
Traceback (most recent call last):
  File "/usr/lib/python3.11/site-packages/pydbus/registration.py", line 81, in call_method
    result = method(*parameters, **kwargs)
             ^^^^^^^^^^^^^^^^^^^^^^^^^^^^^
  File "/home/athulkrishnakr/Documents/Projects/amd-cpu-pm/cpud", line 43, in control
    self.ret[index] = function(args[index])
    ~~~~~~~~^^^^^^^
IndexError: list assignment index out of range
INFO - AMD PSTATE in active mode
INFO - Governor already in desired state: powersave
INFO - Running as root
INFO - ['power', 'low', 'power-saver']
INFO - EPP set to: power
INFO - GPU profile set to: low
INFO - Platform power profile set to: power-saver
INFO - ['power', 'low', 'None']
INFO - EPP set to: power
INFO - GPU profile set to: low
INFO - AMD PSTATE in active mode
INFO - Governor already in desired state: powersave
INFO - Running as root
INFO - ['power', 'low', 'None']
INFO - EPP set to: power
INFO - GPU profile set to: low
INFO - AMD PSTATE in active mode
INFO - Governor already in desired state: powersave
INFO - Running as root
INFO - ['power', 'low', 'None']
INFO - EPP set to: power
INFO - GPU profile set to: low
INFO - ['power', 'auto', 'None']
INFO - EPP set to: power
INFO - GPU profile set to: auto
INFO - ['power', 'auto', 'None']
INFO - EPP set to: power
INFO - GPU profile set to: auto
2023-11-08 16:08:22 - root - INFO - AMD PSTATE in active mode
2023-11-08 16:08:22 - root - INFO - Governor already in desired state: powersave
2023-11-08 16:08:22 - root - INFO - Running as root
2023-11-08 16:09:28 - root - INFO - ['power', 'auto', 'None']
2023-11-08 16:09:28 - root - INFO - EPP set to: power
2023-11-08 16:09:28 - root - INFO - GPU profile set to: auto
2023-11-08 16:09:34 - root - INFO - ['performance', 'auto', 'None']
2023-11-08 16:09:34 - root - INFO - EPP set to: performance
2023-11-08 16:09:34 - root - INFO - GPU profile set to: auto
2023-11-08 16:11:41 - ZephyrusG14 - INFO - AMD PSTATE in active mode
2023-11-08 16:11:41 - ZephyrusG14 - INFO - Governor already in desired state: powersave
2023-11-08 16:11:41 - ZephyrusG14 - INFO - Running as root
Nov 08 16:14:24 - ZephyrusG14 - INFO - AMD PSTATE in active mode
Nov 08 16:14:24 - ZephyrusG14 - INFO - Governor already in desired state: powersave
Nov 08 16:14:24 - ZephyrusG14 - INFO - Running as root
Nov 08 16:14:42 - ZephyrusG14 - INFO - ['performance', 'aut', 'None']
Nov 08 16:14:42 - ZephyrusG14 - INFO - EPP set to: performance
Nov 08 16:14:42 - ZephyrusG14 - ERROR - Invalid argument: aut
Nov 08 16:16:33 - ZephyrusG14 - INFO - AMD PSTATE in active mode
Nov 08 16:16:33 - ZephyrusG14 - INFO - Governor already in desired state: powersave
Nov 08 16:16:33 - ZephyrusG14 - INFO - Running as root
Nov 08 16:16:36 - ZephyrusG14 - INFO - ['performance', 'aut', 'None']
Nov 08 16:16:36 - ZephyrusG14 - INFO - EPP set to: performance
Nov 08 16:16:36 - ZephyrusG14 - ERROR - Invalid argument for gpu: aut
Nov 08 18:09:49 - ZephyrusG14 - INFO - AMD PSTATE in active mode
Nov 08 18:09:49 - ZephyrusG14 - INFO - Governor already in desired state: powersave
Nov 08 18:09:49 - ZephyrusG14 - INFO - Running as root
Nov 08 18:10:12 - ZephyrusG14 - INFO - ['low', 'auto', 'None']
Nov 08 18:10:12 - ZephyrusG14 - ERROR - Invalid argument for cpu: low
Nov 08 18:10:12 - ZephyrusG14 - INFO - GPU profile set to: auto
Nov 08 18:10:25 - ZephyrusG14 - INFO - ['power', 'auto', 'None']
Nov 08 18:10:25 - ZephyrusG14 - INFO - EPP set to: power
Nov 08 18:10:25 - ZephyrusG14 - INFO - GPU profile set to: auto
Nov 08 18:10:29 - ZephyrusG14 - INFO - ['power', 'low', 'None']
Nov 08 18:10:29 - ZephyrusG14 - INFO - EPP set to: power
Nov 08 18:10:29 - ZephyrusG14 - INFO - GPU profile set to: low
Nov 13 02:49:19 - ZephyrusG14 - INFO - AMD PSTATE in active mode
Nov 13 02:49:19 - ZephyrusG14 - INFO - Governor already in desired state: powersave
Nov 13 02:49:19 - ZephyrusG14 - INFO - Running as root
Nov 13 02:51:07 - ZephyrusG14 - INFO - AMD PSTATE in active mode
Nov 13 02:51:07 - ZephyrusG14 - INFO - Governor already in desired state: powersave
Nov 13 02:51:07 - ZephyrusG14 - INFO - Running as root
Nov 13 02:52:25 - ZephyrusG14 - INFO - AMD PSTATE in active mode
Nov 13 02:52:25 - ZephyrusG14 - INFO - Governor already in desired state: powersave
Nov 13 02:52:25 - ZephyrusG14 - INFO - Running as root
Nov 13 02:52:44 - ZephyrusG14 - INFO - AMD PSTATE in active mode
Nov 13 02:52:44 - ZephyrusG14 - INFO - Governor already in desired state: powersave
Nov 13 02:52:44 - ZephyrusG14 - INFO - Running as root
Nov 13 02:53:52 - ZephyrusG14 - INFO - AMD PSTATE in active mode
Nov 13 02:53:52 - ZephyrusG14 - INFO - Governor already in desired state: powersave
Nov 13 02:53:52 - ZephyrusG14 - INFO - Running as root
Nov 13 02:53:58 - ZephyrusG14 - INFO - ['power', 'low', 'None']
Nov 13 02:53:58 - ZephyrusG14 - INFO - EPP set to: power
Nov 13 02:53:58 - ZephyrusG14 - INFO - GPU profile set to: low
Nov 13 02:54:16 - ZephyrusG14 - INFO - ['balance_power', 'auto', 'None']
Nov 13 02:54:16 - ZephyrusG14 - INFO - EPP set to: balance_power
Nov 13 02:54:16 - ZephyrusG14 - INFO - GPU profile set to: auto
Nov 13 02:54:29 - ZephyrusG14 - INFO - ['balance_power', 'auto', 'balanced']
Nov 13 02:54:29 - ZephyrusG14 - INFO - EPP set to: balance_power
Nov 13 02:54:29 - ZephyrusG14 - INFO - GPU profile set to: auto
Nov 13 02:54:30 - ZephyrusG14 - INFO - Platform power profile set to: balanced
Nov 13 02:54:55 - ZephyrusG14 - INFO - ['balance_power', 'low', 'power-saver']
Nov 13 02:54:55 - ZephyrusG14 - INFO - EPP set to: balance_power
Nov 13 02:54:55 - ZephyrusG14 - INFO - GPU profile set to: low
Nov 13 02:54:55 - ZephyrusG14 - INFO - Platform power profile set to: power-saver
Nov 27 19:02:46 - ZephyrusG14 - INFO - AMD PSTATE in active mode
Nov 27 19:02:46 - ZephyrusG14 - INFO - Governor already in desired state: powersave
Nov 27 19:02:46 - ZephyrusG14 - INFO - Running as root
Nov 27 19:08:51 - ZephyrusG14 - INFO - ['cpu', 'gpu', 'platform']
Nov 27 19:08:51 - ZephyrusG14 - ERROR - Invalid argument for platform: cpu
Nov 27 19:08:51 - ZephyrusG14 - ERROR - Invalid argument for cpu: gpu
Nov 27 19:08:51 - ZephyrusG14 - ERROR - Invalid argument for gpu: platform
Nov 27 19:09:22 - ZephyrusG14 - INFO - ['cpu', 'gpu', 'platform']
Nov 27 19:09:22 - ZephyrusG14 - ERROR - Invalid argument for platform: cpu
Nov 27 19:09:22 - ZephyrusG14 - ERROR - Invalid argument for cpu: gpu
Nov 27 19:09:22 - ZephyrusG14 - ERROR - Invalid argument for gpu: platform
Nov 27 19:09:24 - ZephyrusG14 - INFO - ['cpu', 'gpu', 'platform']
Nov 27 19:09:24 - ZephyrusG14 - ERROR - Invalid argument for platform: cpu
Nov 27 19:09:24 - ZephyrusG14 - ERROR - Invalid argument for cpu: gpu
Nov 27 19:09:24 - ZephyrusG14 - ERROR - Invalid argument for gpu: platform
Nov 27 19:09:50 - ZephyrusG14 - INFO - ['cpu', 'gpu', 'platform']
Nov 27 19:09:50 - ZephyrusG14 - ERROR - Invalid argument for platform: cpu
Nov 27 19:09:50 - ZephyrusG14 - ERROR - Invalid argument for cpu: gpu
Nov 27 19:09:50 - ZephyrusG14 - ERROR - Invalid argument for gpu: platform
Nov 27 19:12:09 - ZephyrusG14 - INFO - ['cpu', 'gpu', 'platform']
Nov 27 19:12:09 - ZephyrusG14 - ERROR - Invalid argument for platform: cpu
Nov 27 19:12:09 - ZephyrusG14 - ERROR - Invalid argument for cpu: gpu
Nov 27 19:12:09 - ZephyrusG14 - ERROR - Invalid argument for gpu: platform
Nov 27 19:12:19 - ZephyrusG14 - INFO - ['power', 'low', 'power-saver']
Nov 27 19:12:19 - ZephyrusG14 - ERROR - Invalid argument for platform: power
Nov 27 19:12:19 - ZephyrusG14 - ERROR - Invalid argument for cpu: low
Nov 27 19:12:19 - ZephyrusG14 - ERROR - Invalid argument for gpu: power-saver
Nov 27 19:15:01 - ZephyrusG14 - INFO - ['power', 'None', 'None']
Nov 27 19:15:01 - ZephyrusG14 - ERROR - Invalid argument for platform: power
Nov 27 19:16:51 - ZephyrusG14 - INFO - ['None', 'power', 'None']
Nov 27 19:16:51 - ZephyrusG14 - INFO - EPP set to: power
Nov 27 19:17:26 - ZephyrusG14 - INFO - ['power-saver', 'power', 'low']
Nov 27 19:17:27 - ZephyrusG14 - INFO - Platform power profile set to: power-saver
Nov 27 19:17:27 - ZephyrusG14 - INFO - EPP set to: power
Nov 27 19:17:27 - ZephyrusG14 - INFO - GPU profile set to: low
Nov 27 19:17:39 - ZephyrusG14 - INFO - ['performance', 'power', 'low']
Nov 27 19:17:39 - ZephyrusG14 - INFO - Platform power profile set to: performance
Nov 27 19:17:39 - ZephyrusG14 - INFO - EPP set to: power
Nov 27 19:17:39 - ZephyrusG14 - INFO - GPU profile set to: low
Nov 27 19:18:05 - ZephyrusG14 - INFO - ['performance', 'performance', 'auto']
Nov 27 19:18:05 - ZephyrusG14 - INFO - Platform power profile set to: performance
Nov 27 19:18:05 - ZephyrusG14 - INFO - EPP set to: performance
Nov 27 19:18:05 - ZephyrusG14 - INFO - GPU profile set to: auto
Nov 27 19:23:17 - ZephyrusG14 - INFO - ['performance', 'performance', 'auto']
Nov 27 19:23:17 - ZephyrusG14 - INFO - Platform power profile set to: performance
Nov 27 19:23:17 - ZephyrusG14 - INFO - EPP set to: performance
Nov 27 19:23:17 - ZephyrusG14 - INFO - GPU profile set to: auto
Nov 27 19:23:28 - ZephyrusG14 - INFO - ['power-saver', 'power', 'low']
Nov 27 19:23:28 - ZephyrusG14 - INFO - Platform power profile set to: power-saver
Nov 27 19:23:28 - ZephyrusG14 - INFO - EPP set to: power
Nov 27 19:23:28 - ZephyrusG14 - INFO - GPU profile set to: low
Nov 27 19:23:34 - ZephyrusG14 - INFO - ['performance', 'performance', 'auto']
Nov 27 19:23:34 - ZephyrusG14 - INFO - Platform power profile set to: performance
Nov 27 19:23:34 - ZephyrusG14 - INFO - EPP set to: performance
Nov 27 19:23:34 - ZephyrusG14 - INFO - GPU profile set to: auto
Nov 27 19:24:36 - ZephyrusG14 - INFO - ['None', 'performance', 'auto']
Nov 27 19:24:36 - ZephyrusG14 - INFO - EPP set to: performance
Nov 27 19:24:36 - ZephyrusG14 - INFO - GPU profile set to: auto
Nov 27 19:25:35 - ZephyrusG14 - INFO - ['None', 'performance', 'auto']
Nov 27 19:25:35 - ZephyrusG14 - INFO - EPP set to: performance
Nov 27 19:25:35 - ZephyrusG14 - INFO - GPU profile set to: auto
Nov 27 19:25:44 - ZephyrusG14 - INFO - ['None', 'performance', 'None']
Nov 27 19:25:44 - ZephyrusG14 - INFO - EPP set to: performance
Nov 27 19:25:50 - ZephyrusG14 - INFO - ['None', 'power', 'None']
Nov 27 19:25:50 - ZephyrusG14 - INFO - EPP set to: power
Nov 27 19:27:19 - ZephyrusG14 - INFO - AMD PSTATE in active mode
Nov 27 19:27:19 - ZephyrusG14 - INFO - Governor already in desired state: powersave
Nov 27 19:27:19 - ZephyrusG14 - INFO - Running as root
Nov 27 19:27:21 - ZephyrusG14 - INFO - ['None', 'power', 'None']
Nov 27 19:27:21 - ZephyrusG14 - INFO - EPP set to: power
Nov 27 19:27:21 - ZephyrusG14 - ERROR - Exception while handling org.cpupm.Daemon.control()
Traceback (most recent call last):
  File "/usr/lib/python3.11/site-packages/pydbus/registration.py", line 81, in call_method
    result = method(*parameters, **kwargs)
             ^^^^^^^^^^^^^^^^^^^^^^^^^^^^^
  File "/home/athulkrishnakr/Documents/Projects/amd-cpu-pm/cpud", line 42, in control
    self.ret[index] = function(args[index])
    ^^^^^^^^
AttributeError: 'Control' object has no attribute 'ret'
Nov 27 19:27:48 - ZephyrusG14 - INFO - AMD PSTATE in active mode
Nov 27 19:27:48 - ZephyrusG14 - INFO - Governor already in desired state: powersave
Nov 27 19:27:48 - ZephyrusG14 - INFO - Running as root
Nov 27 19:27:50 - ZephyrusG14 - INFO - ['None', 'power', 'None']
Nov 27 19:27:50 - ZephyrusG14 - INFO - EPP set to: power
Nov 27 19:27:50 - ZephyrusG14 - ERROR - Exception while handling org.cpupm.Daemon.control()
Traceback (most recent call last):
  File "/usr/lib/python3.11/site-packages/pydbus/registration.py", line 81, in call_method
    result = method(*parameters, **kwargs)
             ^^^^^^^^^^^^^^^^^^^^^^^^^^^^^
  File "/home/athulkrishnakr/Documents/Projects/amd-cpu-pm/cpud", line 42, in control
    self.ret[index] = function(args[index])
    ^^^^^^^^
AttributeError: 'Control' object has no attribute 'ret'
Nov 27 19:28:19 - ZephyrusG14 - INFO - AMD PSTATE in active mode
Nov 27 19:28:19 - ZephyrusG14 - INFO - Governor already in desired state: powersave
Nov 27 19:28:19 - ZephyrusG14 - INFO - Running as root
Nov 27 19:28:20 - ZephyrusG14 - INFO - ['None', 'power', 'None']
Nov 27 19:28:20 - ZephyrusG14 - INFO - EPP set to: power
Nov 27 20:02:08 - ZephyrusG14 - INFO - ['None', 'power', 'None']
Nov 27 20:02:08 - ZephyrusG14 - INFO - EPP set to: power
Nov 27 20:02:11 - ZephyrusG14 - INFO - ['None', 'performance', 'auto']
Nov 27 20:02:11 - ZephyrusG14 - INFO - EPP set to: performance
Nov 27 20:02:11 - ZephyrusG14 - INFO - GPU profile set to: auto
Nov 27 20:02:15 - ZephyrusG14 - INFO - ['performance', 'performance', 'auto']
Nov 27 20:02:15 - ZephyrusG14 - INFO - Platform power profile set to: performance
Nov 27 20:02:15 - ZephyrusG14 - INFO - EPP set to: performance
Nov 27 20:02:15 - ZephyrusG14 - INFO - GPU profile set to: auto
Nov 27 20:02:20 - ZephyrusG14 - INFO - ['None', 'power', 'None']
Nov 27 20:02:20 - ZephyrusG14 - INFO - EPP set to: power
Nov 27 20:26:43 - ZephyrusG14 - INFO - ['power-saver', 'power', 'low']
Nov 27 20:26:43 - ZephyrusG14 - INFO - Platform power profile set to: power-saver
Nov 27 20:26:43 - ZephyrusG14 - INFO - EPP set to: power
Nov 27 20:26:43 - ZephyrusG14 - INFO - GPU profile set to: low
Nov 27 21:43:40 - ZephyrusG14 - INFO - ['power-sav', 'power', 'low']
Nov 27 21:43:40 - ZephyrusG14 - ERROR - Invalid argument for platform: power-sav
Nov 27 21:43:40 - ZephyrusG14 - INFO - EPP set to: power
Nov 27 21:43:40 - ZephyrusG14 - INFO - GPU profile set to: low
Nov 27 21:44:12 - ZephyrusG14 - INFO - ['power-saver', 'performance', 'auto']
Nov 27 21:44:12 - ZephyrusG14 - INFO - Platform power profile set to: power-saver
Nov 27 21:44:12 - ZephyrusG14 - INFO - EPP set to: performance
Nov 27 21:44:12 - ZephyrusG14 - INFO - GPU profile set to: auto
Nov 27 21:44:19 - ZephyrusG14 - INFO - ['power-sav', 'power', 'low']
Nov 27 21:44:19 - ZephyrusG14 - ERROR - Invalid argument for platform: power-sav
Nov 27 21:44:19 - ZephyrusG14 - INFO - EPP set to: power
Nov 27 21:44:19 - ZephyrusG14 - INFO - GPU profile set to: low
Nov 27 21:44:57 - ZephyrusG14 - INFO - ['power-sav', 'power', 'low']
Nov 27 21:44:57 - ZephyrusG14 - ERROR - Invalid argument for platform: power-sav
Nov 27 21:44:57 - ZephyrusG14 - INFO - EPP set to: power
Nov 27 21:44:57 - ZephyrusG14 - INFO - GPU profile set to: low
Nov 27 21:45:01 - ZephyrusG14 - INFO - ['power-saver', 'performance', 'auto']
Nov 27 21:45:01 - ZephyrusG14 - INFO - Platform power profile set to: power-saver
Nov 27 21:45:01 - ZephyrusG14 - INFO - EPP set to: performance
Nov 27 21:45:01 - ZephyrusG14 - INFO - GPU profile set to: auto
Nov 27 21:52:03 - ZephyrusG14 - INFO - AMD PSTATE in active mode
Nov 27 21:52:03 - ZephyrusG14 - INFO - Governor already in desired state: powersave
Nov 27 21:52:03 - ZephyrusG14 - INFO - Running as root
Nov 27 21:52:08 - ZephyrusG14 - INFO - ['power-saver', 'performance', 'auto']
Nov 27 21:52:08 - ZephyrusG14 - INFO - Platform power profile set to: power-saver
Nov 27 21:52:08 - ZephyrusG14 - INFO - EPP set to: performance
Nov 27 21:52:08 - ZephyrusG14 - INFO - GPU: [Device('/sys/devices/pci0000:00/0000:00:08.1/0000:07:00.0')]
Nov 27 21:52:08 - ZephyrusG14 - INFO - Found igpu at: /sys/devices/pci0000:00/0000:00:08.1/0000:07:00.0
Nov 27 21:52:08 - ZephyrusG14 - ERROR - Exception while handling org.cpupm.Daemon.control()
Traceback (most recent call last):
  File "/usr/lib/python3.11/site-packages/pydbus/registration.py", line 81, in call_method
    result = method(*parameters, **kwargs)
             ^^^^^^^^^^^^^^^^^^^^^^^^^^^^^
  File "/home/athulkrishnakr/Documents/Projects/amd-cpu-pm/cpud", line 42, in control
    ret[index] = function(args[index])
                 ^^^^^^^^^^^^^^^^^^^^^
  File "/home/athulkrishnakr/Documents/Projects/amd-cpu-pm/pm_modules/i_gpu_profile.py", line 18, in set_gpu_profile
    for card in card_list:
                ^^^^^^^^^
NameError: name 'card_list' is not defined
Nov 27 21:53:38 - ZephyrusG14 - INFO - ['power-saver', 'performance', 'auto']
Nov 27 21:53:38 - ZephyrusG14 - INFO - Platform power profile set to: power-saver
Nov 27 21:53:38 - ZephyrusG14 - INFO - EPP set to: performance
Nov 27 21:53:38 - ZephyrusG14 - INFO - GPU: [Device('/sys/devices/pci0000:00/0000:00:08.1/0000:07:00.0'), Device('/sys/devices/pci0000:00/0000:00:08.1/0000:07:00.0')]
Nov 27 21:53:38 - ZephyrusG14 - INFO - Found igpu at: /sys/devices/pci0000:00/0000:00:08.1/0000:07:00.0
Nov 27 21:53:38 - ZephyrusG14 - ERROR - Exception while handling org.cpupm.Daemon.control()
Traceback (most recent call last):
  File "/usr/lib/python3.11/site-packages/pydbus/registration.py", line 81, in call_method
    result = method(*parameters, **kwargs)
             ^^^^^^^^^^^^^^^^^^^^^^^^^^^^^
  File "/home/athulkrishnakr/Documents/Projects/amd-cpu-pm/cpud", line 42, in control
    ret[index] = function(args[index])
                 ^^^^^^^^^^^^^^^^^^^^^
  File "/home/athulkrishnakr/Documents/Projects/amd-cpu-pm/pm_modules/i_gpu_profile.py", line 18, in set_gpu_profile
    try:
         
NameError: name 'card_list' is not defined
Nov 27 21:53:44 - ZephyrusG14 - INFO - AMD PSTATE in active mode
Nov 27 21:53:44 - ZephyrusG14 - INFO - Governor already in desired state: powersave
Nov 27 21:53:44 - ZephyrusG14 - INFO - Running as root
Nov 27 21:53:49 - ZephyrusG14 - INFO - ['power-saver', 'performance', 'auto']
Nov 27 21:53:49 - ZephyrusG14 - INFO - Platform power profile set to: power-saver
Nov 27 21:53:49 - ZephyrusG14 - INFO - EPP set to: performance
Nov 27 21:53:49 - ZephyrusG14 - INFO - GPU: [Device('/sys/devices/pci0000:00/0000:00:08.1/0000:07:00.0')]
Nov 27 21:53:49 - ZephyrusG14 - INFO - Found igpu at: /sys/devices/pci0000:00/0000:00:08.1/0000:07:00.0
Nov 27 21:53:49 - ZephyrusG14 - WARNING - Cannot access /sys/devices/pci0000:00/0000:00:08.1/0000:07:00.0
Nov 27 21:57:25 - ZephyrusG14 - INFO - ['power-saver', 'performance', 'auto']
Nov 27 21:57:25 - ZephyrusG14 - INFO - Platform power profile set to: power-saver
Nov 27 21:57:25 - ZephyrusG14 - INFO - EPP set to: performance
Nov 27 21:57:25 - ZephyrusG14 - INFO - GPU: [Device('/sys/devices/pci0000:00/0000:00:08.1/0000:07:00.0'), Device('/sys/devices/pci0000:00/0000:00:08.1/0000:07:00.0')]
Nov 27 21:57:25 - ZephyrusG14 - INFO - Found igpu at: /sys/devices/pci0000:00/0000:00:08.1/0000:07:00.0
Nov 27 21:57:25 - ZephyrusG14 - WARNING - Cannot access /sys/devices/pci0000:00/0000:00:08.1/0000:07:00.0
Nov 27 21:57:27 - ZephyrusG14 - INFO - AMD PSTATE in active mode
Nov 27 21:57:27 - ZephyrusG14 - INFO - Governor already in desired state: powersave
Nov 27 21:57:27 - ZephyrusG14 - INFO - Running as root
Nov 27 21:57:29 - ZephyrusG14 - INFO - ['power-saver', 'performance', 'auto']
Nov 27 21:57:29 - ZephyrusG14 - INFO - Platform power profile set to: power-saver
Nov 27 21:57:29 - ZephyrusG14 - INFO - EPP set to: performance
Nov 27 21:57:29 - ZephyrusG14 - INFO - GPU: [Device('/sys/devices/pci0000:00/0000:00:08.1/0000:07:00.0')]
Nov 27 21:57:29 - ZephyrusG14 - INFO - Found igpu at: /sys/devices/pci0000:00/0000:00:08.1/0000:07:00.0
Nov 27 21:57:29 - ZephyrusG14 - INFO - GPU profile set to: auto
Nov 27 22:16:14 - ZephyrusG14 - INFO - AMD PSTATE in active mode
Nov 27 22:16:14 - ZephyrusG14 - INFO - Governor already in desired state: powersave
Nov 27 22:16:14 - ZephyrusG14 - INFO - Running as root
Nov 27 22:16:17 - ZephyrusG14 - INFO - ['power-saver', 'performance', 'auto']
Nov 27 22:16:17 - ZephyrusG14 - INFO - Platform power profile set to: power-saver
Nov 27 22:16:17 - ZephyrusG14 - INFO - EPP set to: performance
Nov 27 22:16:17 - ZephyrusG14 - INFO - GPU: [Device('/sys/devices/pci0000:00/0000:00:08.1/0000:07:00.0')]
Nov 27 22:16:17 - ZephyrusG14 - INFO - Found igpu at: /sys/devices/pci0000:00/0000:00:08.1/0000:07:00.0
Nov 27 22:16:17 - ZephyrusG14 - INFO - GPU profile set to: auto
Nov 27 22:16:19 - ZephyrusG14 - INFO - ['power-save', 'performance', 'auto']
Nov 27 22:16:19 - ZephyrusG14 - ERROR - Invalid argument for platform: power-save
Nov 27 22:16:19 - ZephyrusG14 - INFO - EPP set to: performance
Nov 27 22:16:19 - ZephyrusG14 - INFO - GPU: [Device('/sys/devices/pci0000:00/0000:00:08.1/0000:07:00.0'), Device('/sys/devices/pci0000:00/0000:00:08.1/0000:07:00.0')]
Nov 27 22:16:19 - ZephyrusG14 - INFO - Found igpu at: /sys/devices/pci0000:00/0000:00:08.1/0000:07:00.0
Nov 27 22:16:19 - ZephyrusG14 - INFO - GPU profile set to: auto
Nov 27 22:16:42 - ZephyrusG14 - INFO - ['None', 'performance', 'auto']
Nov 27 22:16:42 - ZephyrusG14 - INFO - EPP set to: performance
Nov 27 22:16:42 - ZephyrusG14 - INFO - GPU: [Device('/sys/devices/pci0000:00/0000:00:08.1/0000:07:00.0'), Device('/sys/devices/pci0000:00/0000:00:08.1/0000:07:00.0'), Device('/sys/devices/pci0000:00/0000:00:08.1/0000:07:00.0')]
Nov 27 22:16:42 - ZephyrusG14 - INFO - Found igpu at: /sys/devices/pci0000:00/0000:00:08.1/0000:07:00.0
Nov 27 22:16:42 - ZephyrusG14 - INFO - GPU profile set to: auto
Nov 27 22:16:46 - ZephyrusG14 - INFO - ['None', 'performance', 'low']
Nov 27 22:16:46 - ZephyrusG14 - INFO - EPP set to: performance
Nov 27 22:16:46 - ZephyrusG14 - INFO - GPU: [Device('/sys/devices/pci0000:00/0000:00:08.1/0000:07:00.0'), Device('/sys/devices/pci0000:00/0000:00:08.1/0000:07:00.0'), Device('/sys/devices/pci0000:00/0000:00:08.1/0000:07:00.0'), Device('/sys/devices/pci0000:00/0000:00:08.1/0000:07:00.0')]
Nov 27 22:16:46 - ZephyrusG14 - INFO - Found igpu at: /sys/devices/pci0000:00/0000:00:08.1/0000:07:00.0
Nov 27 22:16:46 - ZephyrusG14 - INFO - GPU profile set to: low
Nov 27 23:03:56 - ZephyrusG14 - INFO - ['None', 'power', 'None']
Nov 27 23:03:56 - ZephyrusG14 - INFO - EPP set to: power
Nov 27 23:07:15 - ZephyrusG14 - INFO - ['None', 'power', 'None']
Nov 27 23:07:15 - ZephyrusG14 - INFO - EPP set to: power
